<?xml version="1.0" encoding="UTF-8"?>
<testng-results ignored="0" total="1" passed="1" failed="0" skipped="0">
  <reporter-output>
  </reporter-output>
  <suite started-at="2026-05-01T21:33:04 IST" name="Suite" finished-at="2026-05-01T21:33:19 IST" duration-ms="15458">
    <groups>
    </groups>
    <test started-at="2026-05-01T21:33:04 IST" name="Test" finished-at="2026-05-01T21:33:19 IST" duration-ms="15458">
      <class name="com.bhuvi.tests.PracticeTestAutomationTests">
        <test-method is-config="true" signature="setUp([Ljava.lang.Object;)[pri:0, instance:com.bhuvi.tests.PracticeTestAutomationTests@663411de]" started-at="2026-05-01T21:33:05 IST" name="setUp" finished-at="2026-05-01T21:33:15 IST" duration-ms="10400" status="PASS">
          <params>
            <param index="0">
              <value>
                <![CDATA[[Ljava.lang.Object;@12fcc71f]]>
              </value>
            </param>
          </params>
          <reporter-output>
          </reporter-output>
        </test-method> <!-- setUp -->
        <test-method signature="loginTest(java.util.Map)[pri:0, instance:com.bhuvi.tests.PracticeTestAutomationTests@663411de]" started-at="2026-05-01T21:33:15 IST" name="loginTest" description="Verify Login" data-provider="getData" finished-at="2026-05-01T21:33:19 IST" duration-ms="3461" status="PASS">
          <params>
            <param index="0">
              <value>
                <![CDATA[{fname=, password=UGFzc3dvcmQxMjM=, browser=chrome, testname=loginTest, execute=yes, menutext=, username=student}]]>
              </value>
            </param>
          </params>
          <reporter-output>
          </reporter-output>
        </test-method> <!-- loginTest -->
        <test-method is-config="true" signature="tearDown()[pri:0, instance:com.bhuvi.tests.PracticeTestAutomationTests@663411de]" started-at="2026-05-01T21:33:19 IST" name="tearDown" finished-at="2026-05-01T21:33:19 IST" duration-ms="263" status="PASS">
          <reporter-output>
          </reporter-output>
        </test-method> <!-- tearDown -->
      </class> <!-- com.bhuvi.tests.PracticeTestAutomationTests -->
    </test> <!-- Test -->
  </suite> <!-- Suite -->
</testng-results>
