<?xml version="1.0" encoding="UTF-8"?>
<testng-results ignored="0" total="1" passed="1" failed="0" skipped="0">
  <reporter-output>
  </reporter-output>
  <suite started-at="2026-03-21T23:10:21 IST" name="Suite" finished-at="2026-03-21T23:10:31 IST" duration-ms="9317">
    <groups>
    </groups>
    <test started-at="2026-03-21T23:10:21 IST" name="Test" finished-at="2026-03-21T23:10:31 IST" duration-ms="9317">
      <class name="com.bhuvi.tests.PracticeTestAutomationTests">
        <test-method is-config="true" signature="setUp([Ljava.lang.Object;)[pri:0, instance:com.bhuvi.tests.PracticeTestAutomationTests@3401a114]" started-at="2026-03-21T23:10:22 IST" name="setUp" finished-at="2026-03-21T23:10:28 IST" duration-ms="5607" status="PASS">
          <params>
            <param index="0">
              <value>
                <![CDATA[[Ljava.lang.Object;@17f3eefb]]>
              </value>
            </param>
          </params>
          <reporter-output>
          </reporter-output>
        </test-method> <!-- setUp -->
        <test-method signature="loginTest(java.util.Map)[pri:0, instance:com.bhuvi.tests.PracticeTestAutomationTests@3401a114]" started-at="2026-03-21T23:10:28 IST" name="loginTest" description="Verify Login" data-provider="getData" finished-at="2026-03-21T23:10:31 IST" duration-ms="2946" status="PASS">
          <params>
            <param index="0">
              <value>
                <![CDATA[{fname=, password=UGFzc3dvcmQxMjM=, browser=chrome, testname=loginTest, execute=yes, menutext=, username=student}]]>
              </value>
            </param>
          </params>
          <reporter-output>
          </reporter-output>
        </test-method> <!-- loginTest -->
        <test-method is-config="true" signature="tearDown()[pri:0, instance:com.bhuvi.tests.PracticeTestAutomationTests@3401a114]" started-at="2026-03-21T23:10:31 IST" name="tearDown" finished-at="2026-03-21T23:10:31 IST" duration-ms="89" status="PASS">
          <reporter-output>
          </reporter-output>
        </test-method> <!-- tearDown -->
      </class> <!-- com.bhuvi.tests.PracticeTestAutomationTests -->
    </test> <!-- Test -->
  </suite> <!-- Suite -->
</testng-results>
